<?xml version="1.0" encoding="utf-8"?><testsuite errors="0" failures="0" name="pytest" skips="0" tests="30" time="1.632"><testcase classname="test.VersionCheckDecorateClassTest" file="test.py" line="75" name="test_cls_method_in_parent_unsupport" time="0.00300002098083"></testcase><testcase classname="test.VersionCheckDecorateClassTest" file="test.py" line="70" name="test_cls_method_in_parent_support" time="0.00200009346008"></testcase><testcase classname="test.VersionCheckDecorateClassTest" file="test.py" line="98" name="test_cls_method_unsupport" time="0.0019998550415"></testcase><testcase classname="test.VersionCheckDecorateClassTest" file="test.py" line="93" name="test_cls_method_support" time="0.00100016593933"></testcase><testcase classname="test.VersionCheckDecorateClassTest" file="test.py" line="121" name="test_new_instance_unsupport" time="0.00200009346008"></testcase><testcase classname="test.VersionCheckDecorateClassTest" file="test.py" line="115" name="test_new_instance_support" time="0.000999927520752"></testcase><testcase classname="test.VersionCheckDecorateClassTest" file="test.py" line="87" name="test_static_method_in_parent_unsupport" time="0.00100016593933"></testcase><testcase classname="test.VersionCheckDecorateClassTest" file="test.py" line="81" name="test_static_method_in_parent_support" time="0.000999927520752"></testcase><testcase classname="test.VersionCheckDecorateClassTest" file="test.py" line="104" name="test_static_method_support" time="0.000999927520752"></testcase><testcase classname="test.VersionCheckDecorateMethodTest" file="test.py" line="153" name="test_decorate_method" time="0.00100016593933"></testcase><testcase classname="test.VersionCheckDecorateClassTest" file="test.py" line="109" name="test_static_method_unsupport" time="0.0"></testcase><testcase classname="test.VersionCheckDecorateMethodTest" file="test.py" line="165" name="test_decorate_static_method_support" time="0.0019998550415"></testcase><testcase classname="test.VersionCheckDecorateMethodTest" file="test.py" line="159" name="test_decorate_cls_method_support" time="0.00200009346008"></testcase><testcase classname="test.CriteriaTest" file="test.py" line="186" name="test_criteria_test_10___5_0______5_0___True_" time="0.00200009346008"></testcase><testcase classname="test.CriteriaTest" file="test.py" line="186" name="test_criteria_test_11___5_0_1______5_0___False_" time="0.000999927520752"></testcase><testcase classname="test.VersionCheckDecorateMethodTest" file="test.py" line="171" name="test_versioned_method" time="0.000999927520752"></testcase><testcase classname="test.CriteriaTest" file="test.py" line="186" name="test_criteria_test_12___5_0_1_______5_0___True_" time="0.0"></testcase><testcase classname="test.CriteriaTest" file="test.py" line="186" name="test_criteria_test_13___5_0______5_0___False_" time="0.0"></testcase><testcase classname="test.CriteriaTest" file="test.py" line="186" name="test_criteria_test_15___4_0_3_1____2_0_5__4_0_3___False_" time="0.00100016593933"></testcase><testcase classname="test.CriteriaTest" file="test.py" line="186" name="test_criteria_test_14___2_1_0_2____2_0_5__4_0_3___True_" time="0.00100016593933"></testcase><testcase classname="test.CriteriaTest" file="test.py" line="186" name="test_criteria_test_16___5_0_1____2_0_5__4_0_3___False_" time="0.00300002098083"></testcase><testcase classname="test.CriteriaTest" file="test.py" line="186" name="test_criteria_test_1___5_0_1_____5_0___True_" time="0.00100016593933"></testcase><testcase classname="test.CriteriaTest" file="test.py" line="186" name="test_criteria_test_3___1_0______1_0___True_" time="0.0"></testcase><testcase classname="test.CriteriaTest" file="test.py" line="186" name="test_criteria_test_2__None____5_0___True_" time="0.00100016593933"></testcase><testcase classname="test.CriteriaTest" file="test.py" line="186" name="test_criteria_test_5___2_0_2_1_____2_0_3___True_" time="0.00200009346008"></testcase><testcase classname="test.CriteriaTest" file="test.py" line="186" name="test_criteria_test_4___1_0_1______1_0___True_" time="0.00200009346008"></testcase><testcase classname="test.CriteriaTest" file="test.py" line="186" name="test_criteria_test_6___2_1_a_____2_0_3___False_" time="0.00100016593933"></testcase><testcase classname="test.CriteriaTest" file="test.py" line="186" name="test_criteria_test_7___2_0_3______2_0_3___True_" time="0.00100016593933"></testcase><testcase classname="test.CriteriaTest" file="test.py" line="186" name="test_criteria_test_9___5_0_____5_0___True_" time="0.0019998550415"></testcase><testcase classname="test.CriteriaTest" file="test.py" line="186" name="test_criteria_test_8___2_1_a______2_0_3___False_" time="0.0"></testcase></testsuite>